{"/Users/ashwininayak/Tiny_URL/Tiny-URL/app.js": {"path":"/Users/ashwininayak/Tiny_URL/Tiny-URL/app.js","statementMap":{"0":{"start":{"line":1,"column":16},"end":{"line":1,"column":34}},"1":{"start":{"line":2,"column":14},"end":{"line":2,"column":32}},"2":{"start":{"line":3,"column":15},"end":{"line":3,"column":32}},"3":{"start":{"line":6,"column":12},"end":{"line":6,"column":21}},"4":{"start":{"line":8,"column":0},"end":{"line":8,"column":24}},"5":{"start":{"line":10,"column":20},"end":{"line":10,"column":39}},"6":{"start":{"line":13,"column":15},"end":{"line":16,"column":2}},"7":{"start":{"line":21,"column":2},"end":{"line":21,"column":79}},"8":{"start":{"line":26,"column":25},"end":{"line":26,"column":59}},"9":{"start":{"line":27,"column":25},"end":{"line":27,"column":59}},"10":{"start":{"line":28,"column":2},"end":{"line":28,"column":71}},"11":{"start":{"line":32,"column":0},"end":{"line":60,"column":3}},"12":{"start":{"line":33,"column":33},"end":{"line":33,"column":41}},"13":{"start":{"line":35,"column":2},"end":{"line":37,"column":3}},"14":{"start":{"line":36,"column":4},"end":{"line":36,"column":69}},"15":{"start":{"line":39,"column":18},"end":{"line":39,"column":56}},"16":{"start":{"line":40,"column":2},"end":{"line":56,"column":3}},"17":{"start":{"line":41,"column":4},"end":{"line":41,"column":37}},"18":{"start":{"line":42,"column":28},"end":{"line":42,"column":70}},"19":{"start":{"line":43,"column":4},"end":{"line":45,"column":5}},"20":{"start":{"line":44,"column":6},"end":{"line":44,"column":92}},"21":{"start":{"line":48,"column":4},"end":{"line":48,"column":56}},"22":{"start":{"line":49,"column":4},"end":{"line":49,"column":54}},"23":{"start":{"line":51,"column":4},"end":{"line":55,"column":5}},"24":{"start":{"line":53,"column":6},"end":{"line":53,"column":63}},"25":{"start":{"line":54,"column":6},"end":{"line":54,"column":59}},"26":{"start":{"line":58,"column":19},"end":{"line":58,"column":44}},"27":{"start":{"line":59,"column":2},"end":{"line":59,"column":25}},"28":{"start":{"line":63,"column":0},"end":{"line":90,"column":3}},"29":{"start":{"line":64,"column":24},"end":{"line":64,"column":34}},"30":{"start":{"line":66,"column":2},"end":{"line":89,"column":3}},"31":{"start":{"line":67,"column":20},"end":{"line":67,"column":62}},"32":{"start":{"line":68,"column":4},"end":{"line":70,"column":5}},"33":{"start":{"line":69,"column":6},"end":{"line":69,"column":62}},"34":{"start":{"line":73,"column":4},"end":{"line":73,"column":56}},"35":{"start":{"line":76,"column":18},"end":{"line":76,"column":56}},"36":{"start":{"line":78,"column":4},"end":{"line":78,"column":69}},"37":{"start":{"line":81,"column":24},"end":{"line":81,"column":52}},"38":{"start":{"line":83,"column":4},"end":{"line":83,"column":86}},"39":{"start":{"line":85,"column":4},"end":{"line":85,"column":26}},"40":{"start":{"line":87,"column":4},"end":{"line":87,"column":23}},"41":{"start":{"line":88,"column":4},"end":{"line":88,"column":61}},"42":{"start":{"line":92,"column":0},"end":{"line":116,"column":3}},"43":{"start":{"line":93,"column":24},"end":{"line":93,"column":34}},"44":{"start":{"line":95,"column":2},"end":{"line":115,"column":3}},"45":{"start":{"line":97,"column":20},"end":{"line":97,"column":62}},"46":{"start":{"line":98,"column":4},"end":{"line":100,"column":5}},"47":{"start":{"line":99,"column":6},"end":{"line":99,"column":68}},"48":{"start":{"line":102,"column":26},"end":{"line":102,"column":81}},"49":{"start":{"line":103,"column":26},"end":{"line":103,"column":80}},"50":{"start":{"line":104,"column":27},"end":{"line":104,"column":82}},"51":{"start":{"line":106,"column":4},"end":{"line":111,"column":7}},"52":{"start":{"line":113,"column":4},"end":{"line":113,"column":23}},"53":{"start":{"line":114,"column":4},"end":{"line":114,"column":61}},"54":{"start":{"line":118,"column":0},"end":{"line":142,"column":3}},"55":{"start":{"line":119,"column":24},"end":{"line":119,"column":34}},"56":{"start":{"line":121,"column":2},"end":{"line":141,"column":3}},"57":{"start":{"line":123,"column":20},"end":{"line":123,"column":62}},"58":{"start":{"line":124,"column":4},"end":{"line":126,"column":5}},"59":{"start":{"line":125,"column":6},"end":{"line":125,"column":68}},"60":{"start":{"line":129,"column":4},"end":{"line":129,"column":47}},"61":{"start":{"line":130,"column":4},"end":{"line":130,"column":43}},"62":{"start":{"line":133,"column":4},"end":{"line":133,"column":55}},"63":{"start":{"line":134,"column":4},"end":{"line":134,"column":55}},"64":{"start":{"line":135,"column":4},"end":{"line":135,"column":56}},"65":{"start":{"line":137,"column":4},"end":{"line":137,"column":80}},"66":{"start":{"line":139,"column":4},"end":{"line":139,"column":23}},"67":{"start":{"line":140,"column":4},"end":{"line":140,"column":61}},"68":{"start":{"line":144,"column":0},"end":{"line":144,"column":37}}},"fnMap":{"0":{"name":"hashLongUrl","decl":{"start":{"line":19,"column":9},"end":{"line":19,"column":20}},"loc":{"start":{"line":19,"column":30},"end":{"line":22,"column":1}},"line":19},"1":{"name":"getISOWeekNumber","decl":{"start":{"line":25,"column":9},"end":{"line":25,"column":25}},"loc":{"start":{"line":25,"column":32},"end":{"line":29,"column":1}},"line":25},"2":{"name":"(anonymous_2)","decl":{"start":{"line":32,"column":21},"end":{"line":32,"column":22}},"loc":{"start":{"line":32,"column":41},"end":{"line":60,"column":1}},"line":32},"3":{"name":"(anonymous_3)","decl":{"start":{"line":63,"column":23},"end":{"line":63,"column":24}},"loc":{"start":{"line":63,"column":43},"end":{"line":90,"column":1}},"line":63},"4":{"name":"(anonymous_4)","decl":{"start":{"line":92,"column":29},"end":{"line":92,"column":30}},"loc":{"start":{"line":92,"column":49},"end":{"line":116,"column":1}},"line":92},"5":{"name":"(anonymous_5)","decl":{"start":{"line":118,"column":33},"end":{"line":118,"column":34}},"loc":{"start":{"line":118,"column":53},"end":{"line":142,"column":1}},"line":118}},"branchMap":{"0":{"loc":{"start":{"line":35,"column":2},"end":{"line":37,"column":3}},"type":"if","locations":[{"start":{"line":35,"column":2},"end":{"line":37,"column":3}},{"start":{},"end":{}}],"line":35},"1":{"loc":{"start":{"line":40,"column":2},"end":{"line":56,"column":3}},"type":"if","locations":[{"start":{"line":40,"column":2},"end":{"line":56,"column":3}},{"start":{},"end":{}}],"line":40},"2":{"loc":{"start":{"line":43,"column":4},"end":{"line":45,"column":5}},"type":"if","locations":[{"start":{"line":43,"column":4},"end":{"line":45,"column":5}},{"start":{},"end":{}}],"line":43},"3":{"loc":{"start":{"line":43,"column":8},"end":{"line":43,"column":54}},"type":"binary-expr","locations":[{"start":{"line":43,"column":8},"end":{"line":43,"column":23}},{"start":{"line":43,"column":27},"end":{"line":43,"column":54}}],"line":43},"4":{"loc":{"start":{"line":51,"column":4},"end":{"line":55,"column":5}},"type":"if","locations":[{"start":{"line":51,"column":4},"end":{"line":55,"column":5}},{"start":{},"end":{}}],"line":51},"5":{"loc":{"start":{"line":51,"column":8},"end":{"line":51,"column":34}},"type":"binary-expr","locations":[{"start":{"line":51,"column":8},"end":{"line":51,"column":17}},{"start":{"line":51,"column":21},"end":{"line":51,"column":34}}],"line":51},"6":{"loc":{"start":{"line":68,"column":4},"end":{"line":70,"column":5}},"type":"if","locations":[{"start":{"line":68,"column":4},"end":{"line":70,"column":5}},{"start":{},"end":{}}],"line":68},"7":{"loc":{"start":{"line":98,"column":4},"end":{"line":100,"column":5}},"type":"if","locations":[{"start":{"line":98,"column":4},"end":{"line":100,"column":5}},{"start":{},"end":{}}],"line":98},"8":{"loc":{"start":{"line":102,"column":26},"end":{"line":102,"column":81}},"type":"binary-expr","locations":[{"start":{"line":102,"column":26},"end":{"line":102,"column":76}},{"start":{"line":102,"column":80},"end":{"line":102,"column":81}}],"line":102},"9":{"loc":{"start":{"line":124,"column":4},"end":{"line":126,"column":5}},"type":"if","locations":[{"start":{"line":124,"column":4},"end":{"line":126,"column":5}},{"start":{},"end":{}}],"line":124}},"s":{"0":1,"1":1,"2":1,"3":1,"4":1,"5":1,"6":1,"7":1,"8":0,"9":0,"10":0,"11":1,"12":0,"13":0,"14":0,"15":0,"16":0,"17":0,"18":0,"19":0,"20":0,"21":0,"22":0,"23":0,"24":0,"25":0,"26":0,"27":0,"28":1,"29":0,"30":0,"31":0,"32":0,"33":0,"34":0,"35":0,"36":0,"37":0,"38":0,"39":0,"40":0,"41":0,"42":1,"43":0,"44":0,"45":0,"46":0,"47":0,"48":0,"49":0,"50":0,"51":0,"52":0,"53":0,"54":1,"55":0,"56":0,"57":0,"58":0,"59":0,"60":0,"61":0,"62":0,"63":0,"64":0,"65":0,"66":0,"67":0,"68":1},"f":{"0":1,"1":0,"2":0,"3":0,"4":0,"5":0},"b":{"0":[0,0],"1":[0,0],"2":[0,0],"3":[0,0],"4":[0,0],"5":[0,0],"6":[0,0],"7":[0,0],"8":[0,0],"9":[0,0]},"_coverageSchema":"1a1c01bbd47fc00a2c39e90264f33305004495a9","hash":"07efe6d7f2daf295386accdcfe51c17f45d171b4"}
,"/Users/ashwininayak/Tiny_URL/Tiny-URL/config.js": {"path":"/Users/ashwininayak/Tiny_URL/Tiny-URL/config.js","statementMap":{"0":{"start":{"line":2,"column":13},"end":{"line":2,"column":37}},"1":{"start":{"line":3,"column":16},"end":{"line":3,"column":66}},"2":{"start":{"line":5,"column":0},"end":{"line":5,"column":29}}},"fnMap":{},"branchMap":{"0":{"loc":{"start":{"line":2,"column":13},"end":{"line":2,"column":37}},"type":"binary-expr","locations":[{"start":{"line":2,"column":13},"end":{"line":2,"column":29}},{"start":{"line":2,"column":33},"end":{"line":2,"column":37}}],"line":2},"1":{"loc":{"start":{"line":3,"column":16},"end":{"line":3,"column":66}},"type":"binary-expr","locations":[{"start":{"line":3,"column":16},"end":{"line":3,"column":36}},{"start":{"line":3,"column":40},"end":{"line":3,"column":66}}],"line":3}},"s":{"0":1,"1":1,"2":1},"f":{},"b":{"0":[1,1],"1":[1,1]},"_coverageSchema":"1a1c01bbd47fc00a2c39e90264f33305004495a9","hash":"249e85c19a1e1d3703c8130c2aa09403e5d1faba"}
}
