TN:
SF:app.js
FN:19,hashLongUrl
FN:25,getISOWeekNumber
FN:32,(anonymous_2)
FN:63,(anonymous_3)
FN:92,(anonymous_4)
FN:118,(anonymous_5)
FNF:6
FNH:1
FNDA:1,hashLongUrl
FNDA:0,getISOWeekNumber
FNDA:0,(anonymous_2)
FNDA:0,(anonymous_3)
FNDA:0,(anonymous_4)
FNDA:0,(anonymous_5)
DA:1,1
DA:2,1
DA:3,1
DA:6,1
DA:8,1
DA:10,1
DA:13,1
DA:21,1
DA:26,0
DA:27,0
DA:28,0
DA:32,1
DA:33,0
DA:35,0
DA:36,0
DA:39,0
DA:40,0
DA:41,0
DA:42,0
DA:43,0
DA:44,0
DA:48,0
DA:49,0
DA:51,0
DA:53,0
DA:54,0
DA:58,0
DA:59,0
DA:63,1
DA:64,0
DA:66,0
DA:67,0
DA:68,0
DA:69,0
DA:73,0
DA:76,0
DA:78,0
DA:81,0
DA:83,0
DA:85,0
DA:87,0
DA:88,0
DA:92,1
DA:93,0
DA:95,0
DA:97,0
DA:98,0
DA:99,0
DA:102,0
DA:103,0
DA:104,0
DA:106,0
DA:113,0
DA:114,0
DA:118,1
DA:119,0
DA:121,0
DA:123,0
DA:124,0
DA:125,0
DA:129,0
DA:130,0
DA:133,0
DA:134,0
DA:135,0
DA:137,0
DA:139,0
DA:140,0
DA:144,1
LF:69
LH:13
BRDA:35,0,0,0
BRDA:35,0,1,0
BRDA:40,1,0,0
BRDA:40,1,1,0
BRDA:43,2,0,0
BRDA:43,2,1,0
BRDA:43,3,0,0
BRDA:43,3,1,0
BRDA:51,4,0,0
BRDA:51,4,1,0
BRDA:51,5,0,0
BRDA:51,5,1,0
BRDA:68,6,0,0
BRDA:68,6,1,0
BRDA:98,7,0,0
BRDA:98,7,1,0
BRDA:102,8,0,0
BRDA:102,8,1,0
BRDA:124,9,0,0
BRDA:124,9,1,0
BRF:20
BRH:0
end_of_record
TN:
SF:config.js
FNF:0
FNH:0
DA:2,1
DA:3,1
DA:5,1
LF:3
LH:3
BRDA:2,0,0,1
BRDA:2,0,1,1
BRDA:3,1,0,1
BRDA:3,1,1,1
BRF:4
BRH:4
end_of_record
